Analysis & Synthesis report for assignment1
Thu Nov 09 22:49:13 2023
Quartus Prime Version 20.1.1 Build 720 11/11/2020 SJ Lite Edition


---------------------
; Table of Contents ;
---------------------
  1. Legal Notice
  2. Analysis & Synthesis Summary
  3. Analysis & Synthesis Settings
  4. Parallel Compilation
  5. Analysis & Synthesis Source Files Read
  6. Analysis & Synthesis Resource Usage Summary
  7. Analysis & Synthesis Resource Utilization by Entity
  8. Registers Removed During Synthesis
  9. General Register Statistics
 10. Inverted Register Statistics
 11. Port Connectivity Checks: "binCounter_6bit:bc|flipFlopDPET:ff5"
 12. Port Connectivity Checks: "binCounter_6bit:bc|flipFlopDPET:ff4"
 13. Port Connectivity Checks: "binCounter_6bit:bc|flipFlopDPET:ff3"
 14. Port Connectivity Checks: "binCounter_6bit:bc|flipFlopDPET:ff2"
 15. Port Connectivity Checks: "binCounter_6bit:bc|flipFlopDPET:ff1"
 16. Port Connectivity Checks: "binCounter_6bit:bc|flipFlopDPET:ff0"
 17. Port Connectivity Checks: "parReg_8bit:pr8|flipFlopDPET:ff7"
 18. Port Connectivity Checks: "parReg_8bit:pr8|flipFlopDPET:ff6"
 19. Port Connectivity Checks: "parReg_8bit:pr8|flipFlopDPET:ff5"
 20. Port Connectivity Checks: "parReg_8bit:pr8|flipFlopDPET:ff4"
 21. Port Connectivity Checks: "parReg_8bit:pr8|flipFlopDPET:ff3"
 22. Port Connectivity Checks: "parReg_8bit:pr8|flipFlopDPET:ff2"
 23. Port Connectivity Checks: "parReg_8bit:pr8|flipFlopDPET:ff1"
 24. Port Connectivity Checks: "parReg_8bit:pr8|flipFlopDPET:ff0"
 25. Port Connectivity Checks: "ShiftRegister8:sr|flipFlop2_1:ff0|flipFlopDPET:ff"
 26. Port Connectivity Checks: "ShiftRegister8:sr"
 27. Post-Synthesis Netlist Statistics for Top Partition
 28. Elapsed Time Per Partition
 29. Analysis & Synthesis Messages



----------------
; Legal Notice ;
----------------
Copyright (C) 2020  Intel Corporation. All rights reserved.
Your use of Intel Corporation's design tools, logic functions 
and other software and tools, and any partner logic 
functions, and any output files from any of the foregoing 
(including device programming or simulation files), and any 
associated documentation or information are expressly subject 
to the terms and conditions of the Intel Program License 
Subscription Agreement, the Intel Quartus Prime License Agreement,
the Intel FPGA IP License Agreement, or other applicable license
agreement, including, without limitation, that your use is for
the sole purpose of programming logic devices manufactured by
Intel and sold by Intel or its authorized distributors.  Please
refer to the applicable agreement for further details, at
https://fpgasoftware.intel.com/eula.



+-------------------------------------------------------------------------------+
; Analysis & Synthesis Summary                                                  ;
+---------------------------------+---------------------------------------------+
; Analysis & Synthesis Status     ; Successful - Thu Nov 09 22:49:13 2023       ;
; Quartus Prime Version           ; 20.1.1 Build 720 11/11/2020 SJ Lite Edition ;
; Revision Name                   ; assignment1                                 ;
; Top-level Entity Name           ; Encoder                                     ;
; Family                          ; Cyclone V                                   ;
; Logic utilization (in ALMs)     ; N/A                                         ;
; Total registers                 ; 22                                          ;
; Total pins                      ; 20                                          ;
; Total virtual pins              ; 0                                           ;
; Total block memory bits         ; 0                                           ;
; Total DSP Blocks                ; 0                                           ;
; Total HSSI RX PCSs              ; 0                                           ;
; Total HSSI PMA RX Deserializers ; 0                                           ;
; Total HSSI TX PCSs              ; 0                                           ;
; Total HSSI PMA TX Serializers   ; 0                                           ;
; Total PLLs                      ; 0                                           ;
; Total DLLs                      ; 0                                           ;
+---------------------------------+---------------------------------------------+


+---------------------------------------------------------------------------------------------------------------------------+
; Analysis & Synthesis Settings                                                                                             ;
+---------------------------------------------------------------------------------+--------------------+--------------------+
; Option                                                                          ; Setting            ; Default Value      ;
+---------------------------------------------------------------------------------+--------------------+--------------------+
; Device                                                                          ; 5CGXFC7C7F23C8     ;                    ;
; Top-level entity name                                                           ; Encoder            ; assignment1        ;
; Family name                                                                     ; Cyclone V          ; Cyclone V          ;
; Use smart compilation                                                           ; Off                ; Off                ;
; Enable parallel Assembler and Timing Analyzer during compilation                ; On                 ; On                 ;
; Enable compact report table                                                     ; Off                ; Off                ;
; Restructure Multiplexers                                                        ; Auto               ; Auto               ;
; MLAB Add Timing Constraints For Mixed-Port Feed-Through Mode Setting Don't Care ; Off                ; Off                ;
; Create Debugging Nodes for IP Cores                                             ; Off                ; Off                ;
; Preserve fewer node names                                                       ; On                 ; On                 ;
; Intel FPGA IP Evaluation Mode                                                   ; Enable             ; Enable             ;
; Verilog Version                                                                 ; Verilog_2001       ; Verilog_2001       ;
; VHDL Version                                                                    ; VHDL_1993          ; VHDL_1993          ;
; State Machine Processing                                                        ; Auto               ; Auto               ;
; Safe State Machine                                                              ; Off                ; Off                ;
; Extract Verilog State Machines                                                  ; On                 ; On                 ;
; Extract VHDL State Machines                                                     ; On                 ; On                 ;
; Ignore Verilog initial constructs                                               ; Off                ; Off                ;
; Iteration limit for constant Verilog loops                                      ; 5000               ; 5000               ;
; Iteration limit for non-constant Verilog loops                                  ; 250                ; 250                ;
; Add Pass-Through Logic to Inferred RAMs                                         ; On                 ; On                 ;
; Infer RAMs from Raw Logic                                                       ; On                 ; On                 ;
; Parallel Synthesis                                                              ; On                 ; On                 ;
; DSP Block Balancing                                                             ; Auto               ; Auto               ;
; NOT Gate Push-Back                                                              ; On                 ; On                 ;
; Power-Up Don't Care                                                             ; On                 ; On                 ;
; Remove Redundant Logic Cells                                                    ; Off                ; Off                ;
; Remove Duplicate Registers                                                      ; On                 ; On                 ;
; Ignore CARRY Buffers                                                            ; Off                ; Off                ;
; Ignore CASCADE Buffers                                                          ; Off                ; Off                ;
; Ignore GLOBAL Buffers                                                           ; Off                ; Off                ;
; Ignore ROW GLOBAL Buffers                                                       ; Off                ; Off                ;
; Ignore LCELL Buffers                                                            ; Off                ; Off                ;
; Ignore SOFT Buffers                                                             ; On                 ; On                 ;
; Limit AHDL Integers to 32 Bits                                                  ; Off                ; Off                ;
; Optimization Technique                                                          ; Balanced           ; Balanced           ;
; Carry Chain Length                                                              ; 70                 ; 70                 ;
; Auto Carry Chains                                                               ; On                 ; On                 ;
; Auto Open-Drain Pins                                                            ; On                 ; On                 ;
; Perform WYSIWYG Primitive Resynthesis                                           ; Off                ; Off                ;
; Auto ROM Replacement                                                            ; On                 ; On                 ;
; Auto RAM Replacement                                                            ; On                 ; On                 ;
; Auto DSP Block Replacement                                                      ; On                 ; On                 ;
; Auto Shift Register Replacement                                                 ; Auto               ; Auto               ;
; Allow Shift Register Merging across Hierarchies                                 ; Auto               ; Auto               ;
; Auto Clock Enable Replacement                                                   ; On                 ; On                 ;
; Strict RAM Replacement                                                          ; Off                ; Off                ;
; Allow Synchronous Control Signals                                               ; On                 ; On                 ;
; Force Use of Synchronous Clear Signals                                          ; Off                ; Off                ;
; Auto Resource Sharing                                                           ; Off                ; Off                ;
; Allow Any RAM Size For Recognition                                              ; Off                ; Off                ;
; Allow Any ROM Size For Recognition                                              ; Off                ; Off                ;
; Allow Any Shift Register Size For Recognition                                   ; Off                ; Off                ;
; Use LogicLock Constraints during Resource Balancing                             ; On                 ; On                 ;
; Ignore translate_off and synthesis_off directives                               ; Off                ; Off                ;
; Timing-Driven Synthesis                                                         ; On                 ; On                 ;
; Report Parameter Settings                                                       ; On                 ; On                 ;
; Report Source Assignments                                                       ; On                 ; On                 ;
; Report Connectivity Checks                                                      ; On                 ; On                 ;
; Ignore Maximum Fan-Out Assignments                                              ; Off                ; Off                ;
; Synchronization Register Chain Length                                           ; 3                  ; 3                  ;
; Power Optimization During Synthesis                                             ; Normal compilation ; Normal compilation ;
; HDL message level                                                               ; Level2             ; Level2             ;
; Suppress Register Optimization Related Messages                                 ; Off                ; Off                ;
; Number of Removed Registers Reported in Synthesis Report                        ; 5000               ; 5000               ;
; Number of Swept Nodes Reported in Synthesis Report                              ; 5000               ; 5000               ;
; Number of Inverted Registers Reported in Synthesis Report                       ; 100                ; 100                ;
; Clock MUX Protection                                                            ; On                 ; On                 ;
; Auto Gated Clock Conversion                                                     ; Off                ; Off                ;
; Block Design Naming                                                             ; Auto               ; Auto               ;
; SDC constraint protection                                                       ; Off                ; Off                ;
; Synthesis Effort                                                                ; Auto               ; Auto               ;
; Shift Register Replacement - Allow Asynchronous Clear Signal                    ; On                 ; On                 ;
; Pre-Mapping Resynthesis Optimization                                            ; Off                ; Off                ;
; Analysis & Synthesis Message Level                                              ; Medium             ; Medium             ;
; Disable Register Merging Across Hierarchies                                     ; Auto               ; Auto               ;
; Resource Aware Inference For Block RAM                                          ; On                 ; On                 ;
; Automatic Parallel Synthesis                                                    ; On                 ; On                 ;
; Partial Reconfiguration Bitstream ID                                            ; Off                ; Off                ;
+---------------------------------------------------------------------------------+--------------------+--------------------+


+------------------------------------------+
; Parallel Compilation                     ;
+----------------------------+-------------+
; Processors                 ; Number      ;
+----------------------------+-------------+
; Number detected on machine ; 6           ;
; Maximum allowed            ; 6           ;
;                            ;             ;
; Average used               ; 1.00        ;
; Maximum used               ; 6           ;
;                            ;             ;
; Usage by Processor         ; % Time Used ;
;     Processor 1            ; 100.0%      ;
;     Processor 2            ;   0.0%      ;
;     Processors 3-6         ;   0.0%      ;
+----------------------------+-------------+


+-----------------------------------------------------------------------------------------------------------------------------------------+
; Analysis & Synthesis Source Files Read                                                                                                  ;
+----------------------------------+-----------------+-----------------+--------------------------------------------------------+---------+
; File Name with User-Entered Path ; Used in Netlist ; File Type       ; File Name with Absolute Path                           ; Library ;
+----------------------------------+-----------------+-----------------+--------------------------------------------------------+---------+
; storeDev.vhd                     ; yes             ; User VHDL File  ; C:/Universidade/AAD/AAD/assignment1/storeDev.vhd       ;         ;
; simpleLogic.vhd                  ; yes             ; User VHDL File  ; C:/Universidade/AAD/AAD/assignment1/simpleLogic.vhd    ;         ;
; shiftRegister8.vhd               ; yes             ; User VHDL File  ; C:/Universidade/AAD/AAD/assignment1/shiftRegister8.vhd ;         ;
; flipFlop2_1.vhd                  ; yes             ; User VHDL File  ; C:/Universidade/AAD/AAD/assignment1/flipFlop2_1.vhd    ;         ;
; Encoder.vhd                      ; yes             ; User VHDL File  ; C:/Universidade/AAD/AAD/assignment1/Encoder.vhd        ;         ;
; control.vhd                      ; yes             ; User VHDL File  ; C:/Universidade/AAD/AAD/assignment1/control.vhd        ;         ;
; BuildingBlock1.vhd               ; yes             ; User VHDL File  ; C:/Universidade/AAD/AAD/assignment1/BuildingBlock1.vhd ;         ;
+----------------------------------+-----------------+-----------------+--------------------------------------------------------+---------+


+---------------------------------------------------------+
; Analysis & Synthesis Resource Usage Summary             ;
+---------------------------------------------+-----------+
; Resource                                    ; Usage     ;
+---------------------------------------------+-----------+
; Estimate of Logic utilization (ALMs needed) ; 13        ;
;                                             ;           ;
; Combinational ALUT usage for logic          ; 18        ;
;     -- 7 input functions                    ; 0         ;
;     -- 6 input functions                    ; 1         ;
;     -- 5 input functions                    ; 3         ;
;     -- 4 input functions                    ; 3         ;
;     -- <=3 input functions                  ; 11        ;
;                                             ;           ;
; Dedicated logic registers                   ; 22        ;
;                                             ;           ;
; I/O pins                                    ; 20        ;
;                                             ;           ;
; Total DSP Blocks                            ; 0         ;
;                                             ;           ;
; Maximum fan-out node                        ; clk~input ;
; Maximum fan-out                             ; 17        ;
; Total fan-out                               ; 155       ;
; Average fan-out                             ; 1.94      ;
+---------------------------------------------+-----------+


+-----------------------------------------------------------------------------------------------------------------------------------------------------------------------------------------------------------------------------------+
; Analysis & Synthesis Resource Utilization by Entity                                                                                                                                                                               ;
+----------------------------+---------------------+---------------------------+-------------------+------------+------+--------------+------------------------------------------------------------+-----------------+--------------+
; Compilation Hierarchy Node ; Combinational ALUTs ; Dedicated Logic Registers ; Block Memory Bits ; DSP Blocks ; Pins ; Virtual Pins ; Full Hierarchy Name                                        ; Entity Name     ; Library Name ;
+----------------------------+---------------------+---------------------------+-------------------+------------+------+--------------+------------------------------------------------------------+-----------------+--------------+
; |Encoder                   ; 18 (0)              ; 22 (0)                    ; 0                 ; 0          ; 20   ; 0            ; |Encoder                                                   ; Encoder         ; work         ;
;    |BuildingBlock1:bb1|    ; 5 (0)               ; 0 (0)                     ; 0                 ; 0          ; 0    ; 0            ; |Encoder|BuildingBlock1:bb1                                ; BuildingBlock1  ; work         ;
;       |gateXor2:xor0|      ; 1 (1)               ; 0 (0)                     ; 0                 ; 0          ; 0    ; 0            ; |Encoder|BuildingBlock1:bb1|gateXor2:xor0                  ; gateXor2        ; work         ;
;       |gateXor2:xor1|      ; 1 (1)               ; 0 (0)                     ; 0                 ; 0          ; 0    ; 0            ; |Encoder|BuildingBlock1:bb1|gateXor2:xor1                  ; gateXor2        ; work         ;
;       |gateXor2:xor2|      ; 1 (1)               ; 0 (0)                     ; 0                 ; 0          ; 0    ; 0            ; |Encoder|BuildingBlock1:bb1|gateXor2:xor2                  ; gateXor2        ; work         ;
;       |gateXor2:xor3|      ; 1 (1)               ; 0 (0)                     ; 0                 ; 0          ; 0    ; 0            ; |Encoder|BuildingBlock1:bb1|gateXor2:xor3                  ; gateXor2        ; work         ;
;       |gateXor2:xor4|      ; 1 (1)               ; 0 (0)                     ; 0                 ; 0          ; 0    ; 0            ; |Encoder|BuildingBlock1:bb1|gateXor2:xor4                  ; gateXor2        ; work         ;
;    |ShiftRegister8:sr|     ; 0 (0)               ; 8 (0)                     ; 0                 ; 0          ; 0    ; 0            ; |Encoder|ShiftRegister8:sr                                 ; ShiftRegister8  ; work         ;
;       |flipFlop2_1:ff0|    ; 0 (0)               ; 1 (0)                     ; 0                 ; 0          ; 0    ; 0            ; |Encoder|ShiftRegister8:sr|flipFlop2_1:ff0                 ; flipFlop2_1     ; work         ;
;          |flipFlopDPET:ff| ; 0 (0)               ; 1 (1)                     ; 0                 ; 0          ; 0    ; 0            ; |Encoder|ShiftRegister8:sr|flipFlop2_1:ff0|flipFlopDPET:ff ; flipFlopDPET    ; work         ;
;       |flipFlop2_1:ff1|    ; 0 (0)               ; 1 (0)                     ; 0                 ; 0          ; 0    ; 0            ; |Encoder|ShiftRegister8:sr|flipFlop2_1:ff1                 ; flipFlop2_1     ; work         ;
;          |flipFlopDPET:ff| ; 0 (0)               ; 1 (1)                     ; 0                 ; 0          ; 0    ; 0            ; |Encoder|ShiftRegister8:sr|flipFlop2_1:ff1|flipFlopDPET:ff ; flipFlopDPET    ; work         ;
;       |flipFlop2_1:ff2|    ; 0 (0)               ; 1 (0)                     ; 0                 ; 0          ; 0    ; 0            ; |Encoder|ShiftRegister8:sr|flipFlop2_1:ff2                 ; flipFlop2_1     ; work         ;
;          |flipFlopDPET:ff| ; 0 (0)               ; 1 (1)                     ; 0                 ; 0          ; 0    ; 0            ; |Encoder|ShiftRegister8:sr|flipFlop2_1:ff2|flipFlopDPET:ff ; flipFlopDPET    ; work         ;
;       |flipFlop2_1:ff3|    ; 0 (0)               ; 1 (0)                     ; 0                 ; 0          ; 0    ; 0            ; |Encoder|ShiftRegister8:sr|flipFlop2_1:ff3                 ; flipFlop2_1     ; work         ;
;          |flipFlopDPET:ff| ; 0 (0)               ; 1 (1)                     ; 0                 ; 0          ; 0    ; 0            ; |Encoder|ShiftRegister8:sr|flipFlop2_1:ff3|flipFlopDPET:ff ; flipFlopDPET    ; work         ;
;       |flipFlop2_1:ff4|    ; 0 (0)               ; 1 (0)                     ; 0                 ; 0          ; 0    ; 0            ; |Encoder|ShiftRegister8:sr|flipFlop2_1:ff4                 ; flipFlop2_1     ; work         ;
;          |flipFlopDPET:ff| ; 0 (0)               ; 1 (1)                     ; 0                 ; 0          ; 0    ; 0            ; |Encoder|ShiftRegister8:sr|flipFlop2_1:ff4|flipFlopDPET:ff ; flipFlopDPET    ; work         ;
;       |flipFlop2_1:ff5|    ; 0 (0)               ; 1 (0)                     ; 0                 ; 0          ; 0    ; 0            ; |Encoder|ShiftRegister8:sr|flipFlop2_1:ff5                 ; flipFlop2_1     ; work         ;
;          |flipFlopDPET:ff| ; 0 (0)               ; 1 (1)                     ; 0                 ; 0          ; 0    ; 0            ; |Encoder|ShiftRegister8:sr|flipFlop2_1:ff5|flipFlopDPET:ff ; flipFlopDPET    ; work         ;
;       |flipFlop2_1:ff6|    ; 0 (0)               ; 1 (0)                     ; 0                 ; 0          ; 0    ; 0            ; |Encoder|ShiftRegister8:sr|flipFlop2_1:ff6                 ; flipFlop2_1     ; work         ;
;          |flipFlopDPET:ff| ; 0 (0)               ; 1 (1)                     ; 0                 ; 0          ; 0    ; 0            ; |Encoder|ShiftRegister8:sr|flipFlop2_1:ff6|flipFlopDPET:ff ; flipFlopDPET    ; work         ;
;       |flipFlop2_1:ff7|    ; 0 (0)               ; 1 (0)                     ; 0                 ; 0          ; 0    ; 0            ; |Encoder|ShiftRegister8:sr|flipFlop2_1:ff7                 ; flipFlop2_1     ; work         ;
;          |flipFlopDPET:ff| ; 0 (0)               ; 1 (1)                     ; 0                 ; 0          ; 0    ; 0            ; |Encoder|ShiftRegister8:sr|flipFlop2_1:ff7|flipFlopDPET:ff ; flipFlopDPET    ; work         ;
;    |binCounter_6bit:bc|    ; 6 (0)               ; 6 (0)                     ; 0                 ; 0          ; 0    ; 0            ; |Encoder|binCounter_6bit:bc                                ; binCounter_6bit ; work         ;
;       |flipFlopDPET:ff0|   ; 1 (1)               ; 1 (1)                     ; 0                 ; 0          ; 0    ; 0            ; |Encoder|binCounter_6bit:bc|flipFlopDPET:ff0               ; flipFlopDPET    ; work         ;
;       |flipFlopDPET:ff1|   ; 1 (1)               ; 1 (1)                     ; 0                 ; 0          ; 0    ; 0            ; |Encoder|binCounter_6bit:bc|flipFlopDPET:ff1               ; flipFlopDPET    ; work         ;
;       |flipFlopDPET:ff2|   ; 1 (1)               ; 1 (1)                     ; 0                 ; 0          ; 0    ; 0            ; |Encoder|binCounter_6bit:bc|flipFlopDPET:ff2               ; flipFlopDPET    ; work         ;
;       |flipFlopDPET:ff3|   ; 1 (1)               ; 1 (1)                     ; 0                 ; 0          ; 0    ; 0            ; |Encoder|binCounter_6bit:bc|flipFlopDPET:ff3               ; flipFlopDPET    ; work         ;
;       |flipFlopDPET:ff4|   ; 1 (1)               ; 1 (1)                     ; 0                 ; 0          ; 0    ; 0            ; |Encoder|binCounter_6bit:bc|flipFlopDPET:ff4               ; flipFlopDPET    ; work         ;
;       |flipFlopDPET:ff5|   ; 1 (1)               ; 1 (1)                     ; 0                 ; 0          ; 0    ; 0            ; |Encoder|binCounter_6bit:bc|flipFlopDPET:ff5               ; flipFlopDPET    ; work         ;
;    |control:con|           ; 4 (0)               ; 0 (0)                     ; 0                 ; 0          ; 0    ; 0            ; |Encoder|control:con                                       ; control         ; work         ;
;       |gateNand2:nad2|     ; 2 (2)               ; 0 (0)                     ; 0                 ; 0          ; 0    ; 0            ; |Encoder|control:con|gateNand2:nad2                        ; gateNand2       ; work         ;
;       |gateNand2:nad4|     ; 1 (1)               ; 0 (0)                     ; 0                 ; 0          ; 0    ; 0            ; |Encoder|control:con|gateNand2:nad4                        ; gateNand2       ; work         ;
;       |gateNor2:nord|      ; 1 (1)               ; 0 (0)                     ; 0                 ; 0          ; 0    ; 0            ; |Encoder|control:con|gateNor2:nord                         ; gateNor2        ; work         ;
;    |parReg_8bit:pr8|       ; 3 (0)               ; 8 (0)                     ; 0                 ; 0          ; 0    ; 0            ; |Encoder|parReg_8bit:pr8                                   ; parReg_8bit     ; work         ;
;       |flipFlopDPET:ff0|   ; 0 (0)               ; 1 (1)                     ; 0                 ; 0          ; 0    ; 0            ; |Encoder|parReg_8bit:pr8|flipFlopDPET:ff0                  ; flipFlopDPET    ; work         ;
;       |flipFlopDPET:ff1|   ; 0 (0)               ; 1 (1)                     ; 0                 ; 0          ; 0    ; 0            ; |Encoder|parReg_8bit:pr8|flipFlopDPET:ff1                  ; flipFlopDPET    ; work         ;
;       |flipFlopDPET:ff2|   ; 0 (0)               ; 1 (1)                     ; 0                 ; 0          ; 0    ; 0            ; |Encoder|parReg_8bit:pr8|flipFlopDPET:ff2                  ; flipFlopDPET    ; work         ;
;       |flipFlopDPET:ff3|   ; 1 (1)               ; 1 (1)                     ; 0                 ; 0          ; 0    ; 0            ; |Encoder|parReg_8bit:pr8|flipFlopDPET:ff3                  ; flipFlopDPET    ; work         ;
;       |flipFlopDPET:ff4|   ; 1 (1)               ; 1 (1)                     ; 0                 ; 0          ; 0    ; 0            ; |Encoder|parReg_8bit:pr8|flipFlopDPET:ff4                  ; flipFlopDPET    ; work         ;
;       |flipFlopDPET:ff5|   ; 0 (0)               ; 1 (1)                     ; 0                 ; 0          ; 0    ; 0            ; |Encoder|parReg_8bit:pr8|flipFlopDPET:ff5                  ; flipFlopDPET    ; work         ;
;       |flipFlopDPET:ff6|   ; 1 (1)               ; 1 (1)                     ; 0                 ; 0          ; 0    ; 0            ; |Encoder|parReg_8bit:pr8|flipFlopDPET:ff6                  ; flipFlopDPET    ; work         ;
;       |flipFlopDPET:ff7|   ; 0 (0)               ; 1 (1)                     ; 0                 ; 0          ; 0    ; 0            ; |Encoder|parReg_8bit:pr8|flipFlopDPET:ff7                  ; flipFlopDPET    ; work         ;
+----------------------------+---------------------+---------------------------+-------------------+------------+------+--------------+------------------------------------------------------------+-----------------+--------------+
Note: For table entries with two numbers listed, the numbers in parentheses indicate the number of resources of the given type used by the specific entity alone. The numbers listed outside of parentheses indicate the total resources of the given type used by the specific entity and all of its sub-entities in the hierarchy.


+--------------------------------------------------------------------------------------------+
; Registers Removed During Synthesis                                                         ;
+----------------------------------------+---------------------------------------------------+
; Register name                          ; Reason for Removal                                ;
+----------------------------------------+---------------------------------------------------+
; binCounter_6bit:bc|flipFlopDPET:ff0|nQ ; Merged with binCounter_6bit:bc|flipFlopDPET:ff0|Q ;
; Total Number of Removed Registers = 1  ;                                                   ;
+----------------------------------------+---------------------------------------------------+


+------------------------------------------------------+
; General Register Statistics                          ;
+----------------------------------------------+-------+
; Statistic                                    ; Value ;
+----------------------------------------------+-------+
; Total registers                              ; 22    ;
; Number of registers using Synchronous Clear  ; 0     ;
; Number of registers using Synchronous Load   ; 0     ;
; Number of registers using Asynchronous Clear ; 22    ;
; Number of registers using Asynchronous Load  ; 0     ;
; Number of registers using Clock Enable       ; 0     ;
; Number of registers using Preset             ; 0     ;
+----------------------------------------------+-------+


+--------------------------------------------------+
; Inverted Register Statistics                     ;
+----------------------------------------+---------+
; Inverted Register                      ; Fan out ;
+----------------------------------------+---------+
; parReg_8bit:pr8|flipFlopDPET:ff0|Q     ; 1       ;
; parReg_8bit:pr8|flipFlopDPET:ff1|Q     ; 1       ;
; parReg_8bit:pr8|flipFlopDPET:ff2|Q     ; 1       ;
; parReg_8bit:pr8|flipFlopDPET:ff3|Q     ; 1       ;
; parReg_8bit:pr8|flipFlopDPET:ff4|Q     ; 1       ;
; parReg_8bit:pr8|flipFlopDPET:ff5|Q     ; 1       ;
; parReg_8bit:pr8|flipFlopDPET:ff6|Q     ; 1       ;
; parReg_8bit:pr8|flipFlopDPET:ff7|Q     ; 1       ;
; Total number of inverted registers = 8 ;         ;
+----------------------------------------+---------+


+----------------------------------------------------------------------------------------------------------------+
; Port Connectivity Checks: "binCounter_6bit:bc|flipFlopDPET:ff5"                                                ;
+------+--------+----------+-------------------------------------------------------------------------------------+
; Port ; Type   ; Severity ; Details                                                                             ;
+------+--------+----------+-------------------------------------------------------------------------------------+
; nset ; Input  ; Info     ; Stuck at VCC                                                                        ;
; nq   ; Output ; Info     ; Connected to dangling logic. Logic that only feeds a dangling port will be removed. ;
+------+--------+----------+-------------------------------------------------------------------------------------+


+----------------------------------------------------------------------------------------------------------------+
; Port Connectivity Checks: "binCounter_6bit:bc|flipFlopDPET:ff4"                                                ;
+------+--------+----------+-------------------------------------------------------------------------------------+
; Port ; Type   ; Severity ; Details                                                                             ;
+------+--------+----------+-------------------------------------------------------------------------------------+
; nset ; Input  ; Info     ; Stuck at VCC                                                                        ;
; nq   ; Output ; Info     ; Connected to dangling logic. Logic that only feeds a dangling port will be removed. ;
+------+--------+----------+-------------------------------------------------------------------------------------+


+----------------------------------------------------------------------------------------------------------------+
; Port Connectivity Checks: "binCounter_6bit:bc|flipFlopDPET:ff3"                                                ;
+------+--------+----------+-------------------------------------------------------------------------------------+
; Port ; Type   ; Severity ; Details                                                                             ;
+------+--------+----------+-------------------------------------------------------------------------------------+
; nset ; Input  ; Info     ; Stuck at VCC                                                                        ;
; nq   ; Output ; Info     ; Connected to dangling logic. Logic that only feeds a dangling port will be removed. ;
+------+--------+----------+-------------------------------------------------------------------------------------+


+----------------------------------------------------------------------------------------------------------------+
; Port Connectivity Checks: "binCounter_6bit:bc|flipFlopDPET:ff2"                                                ;
+------+--------+----------+-------------------------------------------------------------------------------------+
; Port ; Type   ; Severity ; Details                                                                             ;
+------+--------+----------+-------------------------------------------------------------------------------------+
; nset ; Input  ; Info     ; Stuck at VCC                                                                        ;
; nq   ; Output ; Info     ; Connected to dangling logic. Logic that only feeds a dangling port will be removed. ;
+------+--------+----------+-------------------------------------------------------------------------------------+


+----------------------------------------------------------------------------------------------------------------+
; Port Connectivity Checks: "binCounter_6bit:bc|flipFlopDPET:ff1"                                                ;
+------+--------+----------+-------------------------------------------------------------------------------------+
; Port ; Type   ; Severity ; Details                                                                             ;
+------+--------+----------+-------------------------------------------------------------------------------------+
; nset ; Input  ; Info     ; Stuck at VCC                                                                        ;
; nq   ; Output ; Info     ; Connected to dangling logic. Logic that only feeds a dangling port will be removed. ;
+------+--------+----------+-------------------------------------------------------------------------------------+


+-----------------------------------------------------------------+
; Port Connectivity Checks: "binCounter_6bit:bc|flipFlopDPET:ff0" ;
+------+-------+----------+---------------------------------------+
; Port ; Type  ; Severity ; Details                               ;
+------+-------+----------+---------------------------------------+
; nset ; Input ; Info     ; Stuck at VCC                          ;
+------+-------+----------+---------------------------------------+


+----------------------------------------------------------------------------------------------------------------+
; Port Connectivity Checks: "parReg_8bit:pr8|flipFlopDPET:ff7"                                                   ;
+------+--------+----------+-------------------------------------------------------------------------------------+
; Port ; Type   ; Severity ; Details                                                                             ;
+------+--------+----------+-------------------------------------------------------------------------------------+
; nrst ; Input  ; Info     ; Stuck at VCC                                                                        ;
; nq   ; Output ; Info     ; Connected to dangling logic. Logic that only feeds a dangling port will be removed. ;
+------+--------+----------+-------------------------------------------------------------------------------------+


+----------------------------------------------------------------------------------------------------------------+
; Port Connectivity Checks: "parReg_8bit:pr8|flipFlopDPET:ff6"                                                   ;
+------+--------+----------+-------------------------------------------------------------------------------------+
; Port ; Type   ; Severity ; Details                                                                             ;
+------+--------+----------+-------------------------------------------------------------------------------------+
; nrst ; Input  ; Info     ; Stuck at VCC                                                                        ;
; nq   ; Output ; Info     ; Connected to dangling logic. Logic that only feeds a dangling port will be removed. ;
+------+--------+----------+-------------------------------------------------------------------------------------+


+----------------------------------------------------------------------------------------------------------------+
; Port Connectivity Checks: "parReg_8bit:pr8|flipFlopDPET:ff5"                                                   ;
+------+--------+----------+-------------------------------------------------------------------------------------+
; Port ; Type   ; Severity ; Details                                                                             ;
+------+--------+----------+-------------------------------------------------------------------------------------+
; nrst ; Input  ; Info     ; Stuck at VCC                                                                        ;
; nq   ; Output ; Info     ; Connected to dangling logic. Logic that only feeds a dangling port will be removed. ;
+------+--------+----------+-------------------------------------------------------------------------------------+


+----------------------------------------------------------------------------------------------------------------+
; Port Connectivity Checks: "parReg_8bit:pr8|flipFlopDPET:ff4"                                                   ;
+------+--------+----------+-------------------------------------------------------------------------------------+
; Port ; Type   ; Severity ; Details                                                                             ;
+------+--------+----------+-------------------------------------------------------------------------------------+
; nrst ; Input  ; Info     ; Stuck at VCC                                                                        ;
; nq   ; Output ; Info     ; Connected to dangling logic. Logic that only feeds a dangling port will be removed. ;
+------+--------+----------+-------------------------------------------------------------------------------------+


+----------------------------------------------------------------------------------------------------------------+
; Port Connectivity Checks: "parReg_8bit:pr8|flipFlopDPET:ff3"                                                   ;
+------+--------+----------+-------------------------------------------------------------------------------------+
; Port ; Type   ; Severity ; Details                                                                             ;
+------+--------+----------+-------------------------------------------------------------------------------------+
; nrst ; Input  ; Info     ; Stuck at VCC                                                                        ;
; nq   ; Output ; Info     ; Connected to dangling logic. Logic that only feeds a dangling port will be removed. ;
+------+--------+----------+-------------------------------------------------------------------------------------+


+----------------------------------------------------------------------------------------------------------------+
; Port Connectivity Checks: "parReg_8bit:pr8|flipFlopDPET:ff2"                                                   ;
+------+--------+----------+-------------------------------------------------------------------------------------+
; Port ; Type   ; Severity ; Details                                                                             ;
+------+--------+----------+-------------------------------------------------------------------------------------+
; nrst ; Input  ; Info     ; Stuck at VCC                                                                        ;
; nq   ; Output ; Info     ; Connected to dangling logic. Logic that only feeds a dangling port will be removed. ;
+------+--------+----------+-------------------------------------------------------------------------------------+


+----------------------------------------------------------------------------------------------------------------+
; Port Connectivity Checks: "parReg_8bit:pr8|flipFlopDPET:ff1"                                                   ;
+------+--------+----------+-------------------------------------------------------------------------------------+
; Port ; Type   ; Severity ; Details                                                                             ;
+------+--------+----------+-------------------------------------------------------------------------------------+
; nrst ; Input  ; Info     ; Stuck at VCC                                                                        ;
; nq   ; Output ; Info     ; Connected to dangling logic. Logic that only feeds a dangling port will be removed. ;
+------+--------+----------+-------------------------------------------------------------------------------------+


+----------------------------------------------------------------------------------------------------------------+
; Port Connectivity Checks: "parReg_8bit:pr8|flipFlopDPET:ff0"                                                   ;
+------+--------+----------+-------------------------------------------------------------------------------------+
; Port ; Type   ; Severity ; Details                                                                             ;
+------+--------+----------+-------------------------------------------------------------------------------------+
; nrst ; Input  ; Info     ; Stuck at VCC                                                                        ;
; nq   ; Output ; Info     ; Connected to dangling logic. Logic that only feeds a dangling port will be removed. ;
+------+--------+----------+-------------------------------------------------------------------------------------+


+----------------------------------------------------------------------------------------------------------------+
; Port Connectivity Checks: "ShiftRegister8:sr|flipFlop2_1:ff0|flipFlopDPET:ff"                                  ;
+------+--------+----------+-------------------------------------------------------------------------------------+
; Port ; Type   ; Severity ; Details                                                                             ;
+------+--------+----------+-------------------------------------------------------------------------------------+
; nq   ; Output ; Info     ; Connected to dangling logic. Logic that only feeds a dangling port will be removed. ;
+------+--------+----------+-------------------------------------------------------------------------------------+


+-----------------------------------------------+
; Port Connectivity Checks: "ShiftRegister8:sr" ;
+------+-------+----------+---------------------+
; Port ; Type  ; Severity ; Details             ;
+------+-------+----------+---------------------+
; nset ; Input ; Info     ; Stuck at VCC        ;
; load ; Input ; Info     ; Stuck at GND        ;
+------+-------+----------+---------------------+


+-----------------------------------------------------+
; Post-Synthesis Netlist Statistics for Top Partition ;
+-----------------------+-----------------------------+
; Type                  ; Count                       ;
+-----------------------+-----------------------------+
; arriav_ff             ; 22                          ;
;     CLR               ; 22                          ;
; arriav_lcell_comb     ; 28                          ;
;     normal            ; 28                          ;
;         1 data inputs ; 14                          ;
;         2 data inputs ; 6                           ;
;         3 data inputs ; 1                           ;
;         4 data inputs ; 3                           ;
;         5 data inputs ; 3                           ;
;         6 data inputs ; 1                           ;
; boundary_port         ; 20                          ;
;                       ;                             ;
; Max LUT depth         ; 3.00                        ;
; Average LUT depth     ; 1.43                        ;
+-----------------------+-----------------------------+


+-------------------------------+
; Elapsed Time Per Partition    ;
+----------------+--------------+
; Partition Name ; Elapsed Time ;
+----------------+--------------+
; Top            ; 00:00:00     ;
+----------------+--------------+


+-------------------------------+
; Analysis & Synthesis Messages ;
+-------------------------------+
Info: *******************************************************************
Info: Running Quartus Prime Analysis & Synthesis
    Info: Version 20.1.1 Build 720 11/11/2020 SJ Lite Edition
    Info: Processing started: Thu Nov 09 22:49:03 2023
Info: Command: quartus_map --read_settings_files=on --write_settings_files=off assignment1 -c assignment1
Warning (18236): Number of processors has not been specified which may cause overloading on shared machines.  Set the global assignment NUM_PARALLEL_PROCESSORS in your QSF to an appropriate value for best performance.
Info (20030): Parallel compilation is enabled and will use 6 of the 6 processors detected
Info (12021): Found 8 design units, including 4 entities, in source file storedev.vhd
    Info (12022): Found design unit 1: flipFlopDPET-behavior File: C:/Universidade/AAD/AAD/assignment1/storeDev.vhd Line: 10
    Info (12022): Found design unit 2: binCounter_6bit-structure File: C:/Universidade/AAD/AAD/assignment1/storeDev.vhd Line: 40
    Info (12022): Found design unit 3: parReg_5bit-structure File: C:/Universidade/AAD/AAD/assignment1/storeDev.vhd Line: 92
    Info (12022): Found design unit 4: parReg_6bit-structure File: C:/Universidade/AAD/AAD/assignment1/storeDev.vhd Line: 116
    Info (12023): Found entity 1: flipFlopDPET File: C:/Universidade/AAD/AAD/assignment1/storeDev.vhd Line: 4
    Info (12023): Found entity 2: binCounter_6bit File: C:/Universidade/AAD/AAD/assignment1/storeDev.vhd Line: 34
    Info (12023): Found entity 3: parReg_5bit File: C:/Universidade/AAD/AAD/assignment1/storeDev.vhd Line: 85
    Info (12023): Found entity 4: parReg_6bit File: C:/Universidade/AAD/AAD/assignment1/storeDev.vhd Line: 109
Info (12021): Found 10 design units, including 5 entities, in source file simplelogic.vhd
    Info (12022): Found design unit 1: gateAnd2-logicFunction File: C:/Universidade/AAD/AAD/assignment1/simpleLogic.vhd Line: 9
    Info (12022): Found design unit 2: gateNand2-logicFunction File: C:/Universidade/AAD/AAD/assignment1/simpleLogic.vhd Line: 22
    Info (12022): Found design unit 3: gateOr2-logicFunction File: C:/Universidade/AAD/AAD/assignment1/simpleLogic.vhd Line: 35
    Info (12022): Found design unit 4: gateNor2-logicFunction File: C:/Universidade/AAD/AAD/assignment1/simpleLogic.vhd Line: 48
    Info (12022): Found design unit 5: gateXor2-logicFunction File: C:/Universidade/AAD/AAD/assignment1/simpleLogic.vhd Line: 61
    Info (12023): Found entity 1: gateAnd2 File: C:/Universidade/AAD/AAD/assignment1/simpleLogic.vhd Line: 4
    Info (12023): Found entity 2: gateNand2 File: C:/Universidade/AAD/AAD/assignment1/simpleLogic.vhd Line: 17
    Info (12023): Found entity 3: gateOr2 File: C:/Universidade/AAD/AAD/assignment1/simpleLogic.vhd Line: 30
    Info (12023): Found entity 4: gateNor2 File: C:/Universidade/AAD/AAD/assignment1/simpleLogic.vhd Line: 43
    Info (12023): Found entity 5: gateXor2 File: C:/Universidade/AAD/AAD/assignment1/simpleLogic.vhd Line: 56
Info (12021): Found 4 design units, including 2 entities, in source file shiftregister8.vhd
    Info (12022): Found design unit 1: shiftRegister8-structure File: C:/Universidade/AAD/AAD/assignment1/shiftRegister8.vhd Line: 16
    Info (12022): Found design unit 2: parReg_8bit-structure File: C:/Universidade/AAD/AAD/assignment1/shiftRegister8.vhd Line: 57
    Info (12023): Found entity 1: ShiftRegister8 File: C:/Universidade/AAD/AAD/assignment1/shiftRegister8.vhd Line: 7
    Info (12023): Found entity 2: parReg_8bit File: C:/Universidade/AAD/AAD/assignment1/shiftRegister8.vhd Line: 48
Info (12021): Found 2 design units, including 1 entities, in source file flipflop2_1.vhd
    Info (12022): Found design unit 1: flipFlop2_1-structure File: C:/Universidade/AAD/AAD/assignment1/flipFlop2_1.vhd Line: 20
    Info (12023): Found entity 1: flipFlop2_1 File: C:/Universidade/AAD/AAD/assignment1/flipFlop2_1.vhd Line: 10
Info (12021): Found 2 design units, including 1 entities, in source file encoder.vhd
    Info (12022): Found design unit 1: Encoder-structure File: C:/Universidade/AAD/AAD/assignment1/Encoder.vhd Line: 25
    Info (12023): Found entity 1: Encoder File: C:/Universidade/AAD/AAD/assignment1/Encoder.vhd Line: 16
Info (12021): Found 4 design units, including 2 entities, in source file control.vhd
    Info (12022): Found design unit 1: contMem-behavior File: C:/Universidade/AAD/AAD/assignment1/control.vhd Line: 11
    Info (12022): Found design unit 2: control-structure File: C:/Universidade/AAD/AAD/assignment1/control.vhd Line: 101
    Info (12023): Found entity 1: contMem File: C:/Universidade/AAD/AAD/assignment1/control.vhd Line: 6
    Info (12023): Found entity 2: control File: C:/Universidade/AAD/AAD/assignment1/control.vhd Line: 92
Info (12021): Found 2 design units, including 1 entities, in source file buildingblock1.vhd
    Info (12022): Found design unit 1: BuildingBlock1-structure File: C:/Universidade/AAD/AAD/assignment1/BuildingBlock1.vhd Line: 14
    Info (12023): Found entity 1: BuildingBlock1 File: C:/Universidade/AAD/AAD/assignment1/BuildingBlock1.vhd Line: 7
Info (12127): Elaborating entity "Encoder" for the top level hierarchy
Info (12128): Elaborating entity "ShiftRegister8" for hierarchy "ShiftRegister8:sr" File: C:/Universidade/AAD/AAD/assignment1/Encoder.vhd Line: 70
Info (12128): Elaborating entity "flipFlop2_1" for hierarchy "ShiftRegister8:sr|flipFlop2_1:ff0" File: C:/Universidade/AAD/AAD/assignment1/shiftRegister8.vhd Line: 28
Info (12128): Elaborating entity "gateAnd2" for hierarchy "ShiftRegister8:sr|flipFlop2_1:ff0|gateAnd2:and0" File: C:/Universidade/AAD/AAD/assignment1/flipFlop2_1.vhd Line: 42
Info (12128): Elaborating entity "gateOr2" for hierarchy "ShiftRegister8:sr|flipFlop2_1:ff0|gateOr2:or0" File: C:/Universidade/AAD/AAD/assignment1/flipFlop2_1.vhd Line: 44
Info (12128): Elaborating entity "flipFlopDPET" for hierarchy "ShiftRegister8:sr|flipFlop2_1:ff0|flipFlopDPET:ff" File: C:/Universidade/AAD/AAD/assignment1/flipFlop2_1.vhd Line: 45
Info (12128): Elaborating entity "BuildingBlock1" for hierarchy "BuildingBlock1:bb1" File: C:/Universidade/AAD/AAD/assignment1/Encoder.vhd Line: 72
Info (12128): Elaborating entity "gateXor2" for hierarchy "BuildingBlock1:bb1|gateXor2:xor0" File: C:/Universidade/AAD/AAD/assignment1/BuildingBlock1.vhd Line: 22
Info (12128): Elaborating entity "parReg_8bit" for hierarchy "parReg_8bit:pr8" File: C:/Universidade/AAD/AAD/assignment1/Encoder.vhd Line: 73
Info (12128): Elaborating entity "binCounter_6bit" for hierarchy "binCounter_6bit:bc" File: C:/Universidade/AAD/AAD/assignment1/Encoder.vhd Line: 74
Info (12128): Elaborating entity "control" for hierarchy "control:con" File: C:/Universidade/AAD/AAD/assignment1/Encoder.vhd Line: 75
Info (12128): Elaborating entity "contMem" for hierarchy "control:con|contMem:cMem" File: C:/Universidade/AAD/AAD/assignment1/control.vhd Line: 117
Info (12128): Elaborating entity "gateNand2" for hierarchy "control:con|gateNand2:nad1" File: C:/Universidade/AAD/AAD/assignment1/control.vhd Line: 118
Info (12128): Elaborating entity "gateNor2" for hierarchy "control:con|gateNor2:nord" File: C:/Universidade/AAD/AAD/assignment1/control.vhd Line: 122
Info (276014): Found 1 instances of uninferred RAM logic
    Info (276004): RAM logic "control:con|contMem:cMem|prog" is uninferred due to inappropriate RAM size File: C:/Universidade/AAD/AAD/assignment1/control.vhd Line: 15
Warning (19016): Clock multiplexers are found and protected
    Warning (19017): Found clock multiplexer control:con|contMem:cMem|prog~0 File: C:/Universidade/AAD/AAD/assignment1/control.vhd Line: 15
Info (286030): Timing-Driven Synthesis is running
Info (16010): Generating hard_block partition "hard_block:auto_generated_inst"
    Info (16011): Adding 0 node(s), including 0 DDIO, 0 PLL, 0 transceiver and 0 LCELL
Info (21057): Implemented 46 device resources after synthesis - the final resource count might be different
    Info (21058): Implemented 3 input pins
    Info (21059): Implemented 17 output pins
    Info (21061): Implemented 26 logic cells
Info: Quartus Prime Analysis & Synthesis was successful. 0 errors, 3 warnings
    Info: Peak virtual memory: 4867 megabytes
    Info: Processing ended: Thu Nov 09 22:49:13 2023
    Info: Elapsed time: 00:00:10
    Info: Total CPU time (on all processors): 00:00:18


